This file contains any messages produced by compilers while
running configure, to aid debugging if configure makes a mistake.

It was created by intercal configure.sh 0.26, which was
generated by GNU Autoconf 2.57.  Invocation command line was

  $ configure.sh 

## --------- ##
## Platform. ##
## --------- ##

hostname = chillingi
uname -m = sun4u
uname -r = 5.9
uname -s = SunOS
uname -v = Generic_118558-34

/usr/bin/uname -p = sparc
/bin/uname -X     = System = SunOS
Node = chillingi
Release = 5.9
KernelID = Generic_118558-34
Machine = sun4u
BusType = <unknown>
Serial = <unknown>
Users = <unknown>
OEM# = 0
Origin# = 1
NumCPU = 2

/bin/arch              = sun4
/usr/bin/arch -k       = sun4u
/usr/convex/getsysinfo = unknown
hostinfo               = unknown
/bin/machine           = unknown
/usr/bin/oslevel       = unknown
/bin/universe          = unknown

PATH: .
PATH: /home/ais523/bin
PATH: /home/ais523
PATH: /opt/SUNWspro/bin
PATH: /usr/local/bin
PATH: /usr/sbin
PATH: /usr/ucb
PATH: /usr/bin
PATH: /usr/ccs/bin
PATH: /usr/etc
PATH: /usr/dt/bin
PATH: /usr/openwin/bin
PATH: /apps7/bin
PATH: /apps7/script


## ----------- ##
## Core tests. ##
## ----------- ##

configure.sh:1275: checking for bison
configure.sh:1304: result: no
configure.sh:1275: checking for byacc
configure.sh:1304: result: no
configure.sh:1358: checking for gcc
configure.sh:1374: found /usr/local/bin/gcc
configure.sh:1384: result: gcc
configure.sh:1628: checking for C compiler version
configure.sh:1631: gcc --version </dev/null >&5
2.95.2
configure.sh:1634: $? = 0
configure.sh:1636: gcc -v </dev/null >&5
Reading specs from /usr/local/lib/gcc-lib/sparc-sun-solaris2.7/2.95.2/specs
gcc version 2.95.2 19991024 (release)
configure.sh:1639: $? = 0
configure.sh:1641: gcc -V </dev/null >&5
gcc: argument to `-V' is missing
configure.sh:1644: $? = 1
configure.sh:1668: checking for C compiler default output
configure.sh:1671: gcc    conftest.c  >&5
configure.sh:1674: $? = 0
configure.sh:1720: result: a.out
configure.sh:1725: checking whether the C compiler works
configure.sh:1731: ./a.out
configure.sh:1734: $? = 0
configure.sh:1751: result: yes
configure.sh:1758: checking whether we are cross compiling
configure.sh:1760: result: no
configure.sh:1763: checking for suffix of executables
configure.sh:1765: gcc -o conftest    conftest.c  >&5
configure.sh:1768: $? = 0
configure.sh:1793: result: 
configure.sh:1799: checking for suffix of object files
configure.sh:1821: gcc -c   conftest.c >&5
configure.sh:1824: $? = 0
configure.sh:1846: result: o
configure.sh:1850: checking whether we are using the GNU C compiler
configure.sh:1875: gcc -c   conftest.c >&5
configure.sh:1878: $? = 0
configure.sh:1881: test -s conftest.o
configure.sh:1884: $? = 0
configure.sh:1897: result: yes
configure.sh:1903: checking whether gcc accepts -g
configure.sh:1925: gcc -c -g  conftest.c >&5
configure.sh:1928: $? = 0
configure.sh:1931: test -s conftest.o
configure.sh:1934: $? = 0
configure.sh:1945: result: yes
configure.sh:1962: checking for gcc option to accept ANSI C
configure.sh:2023: gcc  -c -g -O2  conftest.c >&5
configure.sh:2026: $? = 0
configure.sh:2029: test -s conftest.o
configure.sh:2032: $? = 0
configure.sh:2050: result: none needed
configure.sh:2068: gcc -c -g -O2  conftest.c >&5
conftest.c:2: parse error before `me'
configure.sh:2071: $? = 1
configure.sh: failed program was:
| #ifndef __cplusplus
|   choke me
| #endif
configure.sh:2185: checking for flex
configure.sh:2214: result: no
configure.sh:2185: checking for lex
configure.sh:2201: found /usr/ccs/bin/lex
configure.sh:2211: result: lex
configure.sh:2224: checking for yywrap in -lfl
configure.sh:2255: gcc -o conftest -g -O2   conftest.c -lfl   >&5
ld: fatal: library -lfl: not found
ld: fatal: File processing errors. No output written to conftest
collect2: ld returned 1 exit status
configure.sh:2258: $? = 1
configure.sh: failed program was:
| #line 2231 "configure"
| /* confdefs.h.  */
| 
| #define PACKAGE_NAME "intercal"
| #define PACKAGE_TARNAME "intercal"
| #define PACKAGE_VERSION "0.26"
| #define PACKAGE_STRING "intercal 0.26"
| #define PACKAGE_BUGREPORT "esr@thyrsus.com"
| /* end confdefs.h.  */
| 
| /* Override any gcc2 internal prototype to avoid an error.  */
| #ifdef __cplusplus
| extern "C"
| #endif
| /* We use char because int might match the return type of a gcc2
|    builtin and then its argument prototype would still apply.  */
| char yywrap ();
| int
| main ()
| {
| yywrap ();
|   ;
|   return 0;
| }
configure.sh:2276: result: no
configure.sh:2281: checking for yywrap in -ll
configure.sh:2312: gcc -o conftest -g -O2   conftest.c -ll   >&5
configure.sh:2315: $? = 0
configure.sh:2318: test -s conftest
configure.sh:2321: $? = 0
configure.sh:2333: result: yes
configure.sh:2344: checking lex output file root
configure.sh:2355: lex conftest.l
configure.sh:2358: $? = 0
configure.sh:2370: result: lex.yy
configure.sh:2375: checking whether yytext is a pointer
configure.sh:2391: gcc -o conftest -g -O2   conftest.c  -ll >&5
conftest.c:418: conflicting types for `yytext'
conftest.c:71: previous declaration of `yytext'
configure.sh:2394: $? = 1
configure.sh: failed program was:
| #include <stdio.h>
| #include <stdlib.h>
| #include <inttypes.h>
| # define U(x) x
| # define NLSTATE yyprevious=YYNEWLINE
| # define BEGIN yybgin = yysvec + 1 +
| # define INITIAL 0
| # define YYLERR yysvec
| # define YYSTATE (yyestate-yysvec-1)
| # define YYOPTIM 1
| # ifndef YYLMAX 
| # define YYLMAX BUFSIZ
| # endif 
| #ifndef __cplusplus
| # define output(c) (void)putc(c,yyout)
| #else
| # define lex_output(c) (void)putc(c,yyout)
| #endif
| 
| #if defined(__cplusplus) || defined(__STDC__)
| 
| #if defined(__cplusplus) && defined(__EXTERN_C__)
| extern "C" {
| #endif
| 	int yyback(int *, int);
| 	int yyinput(void);
| 	int yylook(void);
| 	void yyoutput(int);
| 	int yyracc(int);
| 	int yyreject(void);
| 	void yyunput(int);
| 	int yylex(void);
| #ifdef YYLEX_E
| 	void yywoutput(wchar_t);
| 	wchar_t yywinput(void);
| #endif
| #ifndef yyless
| 	int yyless(int);
| #endif
| #ifndef yywrap
| 	int yywrap(void);
| #endif
| #ifdef LEXDEBUG
| 	void allprint(char);
| 	void sprint(char *);
| #endif
| #if defined(__cplusplus) && defined(__EXTERN_C__)
| }
| #endif
| 
| #ifdef __cplusplus
| extern "C" {
| #endif
| 	void exit(int);
| #ifdef __cplusplus
| }
| #endif
| 
| #endif
| # define unput(c) {yytchar= (c);if(yytchar=='\n')yylineno--;*yysptr++=yytchar;}
| # define yymore() (yymorfg=1)
| #ifndef __cplusplus
| # define input() (((yytchar=yysptr>yysbuf?U(*--yysptr):getc(yyin))==10?(yylineno++,yytchar):yytchar)==EOF?0:yytchar)
| #else
| # define lex_input() (((yytchar=yysptr>yysbuf?U(*--yysptr):getc(yyin))==10?(yylineno++,yytchar):yytchar)==EOF?0:yytchar)
| #endif
| #define ECHO fprintf(yyout, "%s",yytext)
| # define REJECT { nstr = yyreject(); goto yyfussy;}
| int yyleng;
| #define YYISARRAY
| char yytext[YYLMAX];
| int yymorfg;
| extern char *yysptr, yysbuf[];
| int yytchar;
| FILE *yyin = {stdin}, *yyout = {stdout};
| extern int yylineno;
| struct yysvf { 
| 	struct yywork *yystoff;
| 	struct yysvf *yyother;
| 	int *yystops;};
| struct yysvf *yyestate;
| extern struct yysvf yysvec[], *yybgin;
| # define YYNEWLINE 10
| yylex(){
| int nstr; extern int yyprevious;
| #ifdef __cplusplus
| /* to avoid CC and lint complaining yyfussy not being used ...*/
| static int __lex_hack = 0;
| if (__lex_hack) goto yyfussy;
| #endif
| while((nstr = yylook()) >= 0)
| yyfussy: switch(nstr){
| case 0:
| if(yywrap()) return(0); break;
| case -1:
| break;
| default:
| (void)fprintf(yyout,"bad switch yylook %d",nstr);
| } return(0); }
| /* end of yylex */
| int yyvstop[] = {
| 0,
| 0};
| # define YYTYPE unsigned char
| struct yywork { YYTYPE verify, advance; } yycrank[] = {
| 0,0,	0,0,	0,0,	0,0,	
| 0,0};
| struct yysvf yysvec[] = {
| 0,	0,	0,
| yycrank+0,	0,		0,	
| yycrank+0,	0,		0,	
| 0,	0,	0};
| struct yywork *yytop = yycrank+0;
| struct yysvf *yybgin = yysvec+1;
| char yymatch[] = {
|   0,   1,   1,   1,   1,   1,   1,   1, 
|   1,   1,   1,   1,   1,   1,   1,   1, 
|   1,   1,   1,   1,   1,   1,   1,   1, 
|   1,   1,   1,   1,   1,   1,   1,   1, 
|   1,   1,   1,   1,   1,   1,   1,   1, 
|   1,   1,   1,   1,   1,   1,   1,   1, 
|   1,   1,   1,   1,   1,   1,   1,   1, 
|   1,   1,   1,   1,   1,   1,   1,   1, 
|   1,   1,   1,   1,   1,   1,   1,   1, 
|   1,   1,   1,   1,   1,   1,   1,   1, 
|   1,   1,   1,   1,   1,   1,   1,   1, 
|   1,   1,   1,   1,   1,   1,   1,   1, 
|   1,   1,   1,   1,   1,   1,   1,   1, 
|   1,   1,   1,   1,   1,   1,   1,   1, 
|   1,   1,   1,   1,   1,   1,   1,   1, 
|   1,   1,   1,   1,   1,   1,   1,   1, 
|   1,   1,   1,   1,   1,   1,   1,   1, 
|   1,   1,   1,   1,   1,   1,   1,   1, 
|   1,   1,   1,   1,   1,   1,   1,   1, 
|   1,   1,   1,   1,   1,   1,   1,   1, 
|   1,   1,   1,   1,   1,   1,   1,   1, 
|   1,   1,   1,   1,   1,   1,   1,   1, 
|   1,   1,   1,   1,   1,   1,   1,   1, 
|   1,   1,   1,   1,   1,   1,   1,   1, 
|   1,   1,   1,   1,   1,   1,   1,   1, 
|   1,   1,   1,   1,   1,   1,   1,   1, 
|   1,   1,   1,   1,   1,   1,   1,   1, 
|   1,   1,   1,   1,   1,   1,   1,   1, 
|   1,   1,   1,   1,   1,   1,   1,   1, 
|   1,   1,   1,   1,   1,   1,   1,   1, 
|   1,   1,   1,   1,   1,   1,   1,   1, 
|   1,   1,   1,   1,   1,   1,   1,   1, 
| 0};
| char yyextra[] = {
| 0,0,0,0,0,0,0,0,
| 0};
| /*	Copyright (c) 1989 AT&T	*/
| /*	  All Rights Reserved  	*/
| 
| /*	THIS IS UNPUBLISHED PROPRIETARY SOURCE CODE OF AT&T	*/
| /*	The copyright notice above does not evidence any   	*/
| /*	actual or intended publication of such source code.	*/
| 
| #pragma ident	"@(#)ncform	6.12	97/12/08 SMI"
| 
| int yylineno =1;
| # define YYU(x) x
| # define NLSTATE yyprevious=YYNEWLINE
| struct yysvf *yylstate [YYLMAX], **yylsp, **yyolsp;
| char yysbuf[YYLMAX];
| char *yysptr = yysbuf;
| int *yyfnd;
| extern struct yysvf *yyestate;
| int yyprevious = YYNEWLINE;
| #if defined(__cplusplus) || defined(__STDC__)
| int yylook(void)
| #else
| yylook()
| #endif
| {
| 	register struct yysvf *yystate, **lsp;
| 	register struct yywork *yyt;
| 	struct yysvf *yyz;
| 	int yych, yyfirst;
| 	struct yywork *yyr;
| # ifdef LEXDEBUG
| 	int debug;
| # endif
| 	char *yylastch;
| 	/* start off machines */
| # ifdef LEXDEBUG
| 	debug = 0;
| # endif
| 	yyfirst=1;
| 	if (!yymorfg)
| 		yylastch = yytext;
| 	else {
| 		yymorfg=0;
| 		yylastch = yytext+yyleng;
| 		}
| 	for(;;){
| 		lsp = yylstate;
| 		yyestate = yystate = yybgin;
| 		if (yyprevious==YYNEWLINE) yystate++;
| 		for (;;){
| # ifdef LEXDEBUG
| 			if(debug)fprintf(yyout,"state %d\n",yystate-yysvec-1);
| # endif
| 			yyt = yystate->yystoff;
| 			if(yyt == yycrank && !yyfirst){  /* may not be any transitions */
| 				yyz = yystate->yyother;
| 				if(yyz == 0)break;
| 				if(yyz->yystoff == yycrank)break;
| 				}
| #ifndef __cplusplus
| 			*yylastch++ = yych = input();
| #else
| 			*yylastch++ = yych = lex_input();
| #endif
| #ifdef YYISARRAY
| 			if(yylastch > &yytext[YYLMAX]) {
| 				fprintf(yyout,"Input string too long, limit %d\n",YYLMAX);
| 				exit(1);
| 			}
| #else
| 			if (yylastch >= &yytext[ yytextsz ]) {
| 				int	x = yylastch - yytext;
| 
| 				yytextsz += YYTEXTSZINC;
| 				if (yytext == yy_tbuf) {
| 				    yytext = (char *) malloc(yytextsz);
| 				    memcpy(yytext, yy_tbuf, sizeof (yy_tbuf));
| 				}
| 				else
| 				    yytext = (char *) realloc(yytext, yytextsz);
| 				if (!yytext) {
| 				    fprintf(yyout,
| 					"Cannot realloc yytext\n");
| 				    exit(1);
| 				}
| 				yylastch = yytext + x;
| 			}
| #endif
| 			yyfirst=0;
| 		tryagain:
| # ifdef LEXDEBUG
| 			if(debug){
| 				fprintf(yyout,"char ");
| 				allprint(yych);
| 				putchar('\n');
| 				}
| # endif
| 			yyr = yyt;
| 			if ( (uintptr_t)yyt > (uintptr_t)yycrank){
| 				yyt = yyr + yych;
| 				if (yyt <= yytop && yyt->verify+yysvec == yystate){
| 					if(yyt->advance+yysvec == YYLERR)	/* error transitions */
| 						{unput(*--yylastch);break;}
| 					*lsp++ = yystate = yyt->advance+yysvec;
| 					if(lsp > &yylstate[YYLMAX]) {
| 						fprintf(yyout,"Input string too long, limit %d\n",YYLMAX);
| 						exit(1);
| 					}
| 					goto contin;
| 					}
| 				}
| # ifdef YYOPTIM
| 			else if((uintptr_t)yyt < (uintptr_t)yycrank) {	/* r < yycrank */
| 				yyt = yyr = yycrank+(yycrank-yyt);
| # ifdef LEXDEBUG
| 				if(debug)fprintf(yyout,"compressed state\n");
| # endif
| 				yyt = yyt + yych;
| 				if(yyt <= yytop && yyt->verify+yysvec == yystate){
| 					if(yyt->advance+yysvec == YYLERR)	/* error transitions */
| 						{unput(*--yylastch);break;}
| 					*lsp++ = yystate = yyt->advance+yysvec;
| 					if(lsp > &yylstate[YYLMAX]) {
| 						fprintf(yyout,"Input string too long, limit %d\n",YYLMAX);
| 						exit(1);
| 					}
| 					goto contin;
| 					}
| 				yyt = yyr + YYU(yymatch[yych]);
| # ifdef LEXDEBUG
| 				if(debug){
| 					fprintf(yyout,"try fall back character ");
| 					allprint(YYU(yymatch[yych]));
| 					putchar('\n');
| 					}
| # endif
| 				if(yyt <= yytop && yyt->verify+yysvec == yystate){
| 					if(yyt->advance+yysvec == YYLERR)	/* error transition */
| 						{unput(*--yylastch);break;}
| 					*lsp++ = yystate = yyt->advance+yysvec;
| 					if(lsp > &yylstate[YYLMAX]) {
| 						fprintf(yyout,"Input string too long, limit %d\n",YYLMAX);
| 						exit(1);
| 					}
| 					goto contin;
| 					}
| 				}
| 			if ((yystate = yystate->yyother) && (yyt= yystate->yystoff) != yycrank){
| # ifdef LEXDEBUG
| 				if(debug)fprintf(yyout,"fall back to state %d\n",yystate-yysvec-1);
| # endif
| 				goto tryagain;
| 				}
| # endif
| 			else
| 				{unput(*--yylastch);break;}
| 		contin:
| # ifdef LEXDEBUG
| 			if(debug){
| 				fprintf(yyout,"state %d char ",yystate-yysvec-1);
| 				allprint(yych);
| 				putchar('\n');
| 				}
| # endif
| 			;
| 			}
| # ifdef LEXDEBUG
| 		if(debug){
| 			fprintf(yyout,"stopped at %d with ",*(lsp-1)-yysvec-1);
| 			allprint(yych);
| 			putchar('\n');
| 			}
| # endif
| 		while (lsp-- > yylstate){
| 			*yylastch-- = 0;
| 			if (*lsp != 0 && (yyfnd= (*lsp)->yystops) && *yyfnd > 0){
| 				yyolsp = lsp;
| 				if(yyextra[*yyfnd]){		/* must backup */
| 					while(yyback((*lsp)->yystops,-*yyfnd) != 1 && lsp > yylstate){
| 						lsp--;
| 						unput(*yylastch--);
| 						}
| 					}
| 				yyprevious = YYU(*yylastch);
| 				yylsp = lsp;
| 				yyleng = yylastch-yytext+1;
| 				yytext[yyleng] = 0;
| # ifdef LEXDEBUG
| 				if(debug){
| 					fprintf(yyout,"\nmatch ");
| 					sprint(yytext);
| 					fprintf(yyout," action %d\n",*yyfnd);
| 					}
| # endif
| 				return(*yyfnd++);
| 				}
| 			unput(*yylastch);
| 			}
| 		if (yytext[0] == 0  /* && feof(yyin) */)
| 			{
| 			yysptr=yysbuf;
| 			return(0);
| 			}
| #ifndef __cplusplus
| 		yyprevious = yytext[0] = input();
| 		if (yyprevious>0)
| 			output(yyprevious);
| #else
| 		yyprevious = yytext[0] = lex_input();
| 		if (yyprevious>0)
| 			lex_output(yyprevious);
| #endif
| 		yylastch=yytext;
| # ifdef LEXDEBUG
| 		if(debug)putchar('\n');
| # endif
| 		}
| 	}
| #if defined(__cplusplus) || defined(__STDC__)
| int yyback(int *p, int m)
| #else
| yyback(p, m)
| 	int *p;
| #endif
| {
| 	if (p==0) return(0);
| 	while (*p) {
| 		if (*p++ == m)
| 			return(1);
| 	}
| 	return(0);
| }
| 	/* the following are only used in the lex library */
| #if defined(__cplusplus) || defined(__STDC__)
| int yyinput(void)
| #else
| yyinput()
| #endif
| {
| #ifndef __cplusplus
| 	return(input());
| #else
| 	return(lex_input());
| #endif
| 	}
| #if defined(__cplusplus) || defined(__STDC__)
| void yyoutput(int c)
| #else
| yyoutput(c)
|   int c; 
| #endif
| {
| #ifndef __cplusplus
| 	output(c);
| #else
| 	lex_output(c);
| #endif
| 	}
| #if defined(__cplusplus) || defined(__STDC__)
| void yyunput(int c)
| #else
| yyunput(c)
|    int c; 
| #endif
| {
| 	unput(c);
| 	}
| extern char *yytext;
configure.sh:2413: result: no
configure.sh:2461: checking for a BSD-compatible install
configure.sh:2515: result: ./install.sh -c
configure.sh:2526: checking whether ln -s works
configure.sh:2530: result: yes
configure.sh:2537: checking whether make sets $(MAKE)
configure.sh:2557: result: yes
configure.sh:2575: checking how to run the C preprocessor
configure.sh:2611: gcc -E  conftest.c
configure.sh:2617: $? = 0
configure.sh:2649: gcc -E  conftest.c
configure:2648: ac_nonexistent.h: No such file or directory
configure.sh:2655: $? = 1
configure.sh: failed program was:
| #line 2640 "configure"
| /* confdefs.h.  */
| 
| #define PACKAGE_NAME "intercal"
| #define PACKAGE_TARNAME "intercal"
| #define PACKAGE_VERSION "0.26"
| #define PACKAGE_STRING "intercal 0.26"
| #define PACKAGE_BUGREPORT "esr@thyrsus.com"
| /* end confdefs.h.  */
| #include <ac_nonexistent.h>
configure.sh:2693: result: gcc -E
configure.sh:2718: gcc -E  conftest.c
configure.sh:2724: $? = 0
configure.sh:2756: gcc -E  conftest.c
configure:2755: ac_nonexistent.h: No such file or directory
configure.sh:2762: $? = 1
configure.sh: failed program was:
| #line 2747 "configure"
| /* confdefs.h.  */
| 
| #define PACKAGE_NAME "intercal"
| #define PACKAGE_TARNAME "intercal"
| #define PACKAGE_VERSION "0.26"
| #define PACKAGE_STRING "intercal 0.26"
| #define PACKAGE_BUGREPORT "esr@thyrsus.com"
| /* end confdefs.h.  */
| #include <ac_nonexistent.h>
configure.sh:2805: checking for egrep
configure.sh:2815: result: egrep
configure.sh:2820: checking for ANSI C header files
configure.sh:2846: gcc -c -g -O2  conftest.c >&5
configure.sh:2849: $? = 0
configure.sh:2852: test -s conftest.o
configure.sh:2855: $? = 0
configure.sh:2944: gcc -o conftest -g -O2   conftest.c  >&5
configure.sh:2947: $? = 0
configure.sh:2949: ./conftest
configure.sh:2952: $? = 0
configure.sh:2967: result: yes
configure.sh:2991: checking for sys/types.h
configure.sh:3008: gcc -c -g -O2  conftest.c >&5
configure.sh:3011: $? = 0
configure.sh:3014: test -s conftest.o
configure.sh:3017: $? = 0
configure.sh:3028: result: yes
configure.sh:2991: checking for sys/stat.h
configure.sh:3008: gcc -c -g -O2  conftest.c >&5
configure.sh:3011: $? = 0
configure.sh:3014: test -s conftest.o
configure.sh:3017: $? = 0
configure.sh:3028: result: yes
configure.sh:2991: checking for stdlib.h
configure.sh:3008: gcc -c -g -O2  conftest.c >&5
configure.sh:3011: $? = 0
configure.sh:3014: test -s conftest.o
configure.sh:3017: $? = 0
configure.sh:3028: result: yes
configure.sh:2991: checking for string.h
configure.sh:3008: gcc -c -g -O2  conftest.c >&5
configure.sh:3011: $? = 0
configure.sh:3014: test -s conftest.o
configure.sh:3017: $? = 0
configure.sh:3028: result: yes
configure.sh:2991: checking for memory.h
configure.sh:3008: gcc -c -g -O2  conftest.c >&5
configure.sh:3011: $? = 0
configure.sh:3014: test -s conftest.o
configure.sh:3017: $? = 0
configure.sh:3028: result: yes
configure.sh:2991: checking for strings.h
configure.sh:3008: gcc -c -g -O2  conftest.c >&5
configure.sh:3011: $? = 0
configure.sh:3014: test -s conftest.o
configure.sh:3017: $? = 0
configure.sh:3028: result: yes
configure.sh:2991: checking for inttypes.h
configure.sh:3008: gcc -c -g -O2  conftest.c >&5
configure.sh:3011: $? = 0
configure.sh:3014: test -s conftest.o
configure.sh:3017: $? = 0
configure.sh:3028: result: yes
configure.sh:2991: checking for stdint.h
configure.sh:3008: gcc -c -g -O2  conftest.c >&5
configure:3047: stdint.h: No such file or directory
configure.sh:3011: $? = 1
configure.sh: failed program was:
| #line 2996 "configure"
| /* confdefs.h.  */
| 
| #define PACKAGE_NAME "intercal"
| #define PACKAGE_TARNAME "intercal"
| #define PACKAGE_VERSION "0.26"
| #define PACKAGE_STRING "intercal 0.26"
| #define PACKAGE_BUGREPORT "esr@thyrsus.com"
| #define STDC_HEADERS 1
| #define HAVE_SYS_TYPES_H 1
| #define HAVE_SYS_STAT_H 1
| #define HAVE_STDLIB_H 1
| #define HAVE_STRING_H 1
| #define HAVE_MEMORY_H 1
| #define HAVE_STRINGS_H 1
| #define HAVE_INTTYPES_H 1
| /* end confdefs.h.  */
| #include <stdio.h>
| #if HAVE_SYS_TYPES_H
| # include <sys/types.h>
| #endif
| #if HAVE_SYS_STAT_H
| # include <sys/stat.h>
| #endif
| #if STDC_HEADERS
| # include <stdlib.h>
| # include <stddef.h>
| #else
| # if HAVE_STDLIB_H
| #  include <stdlib.h>
| # endif
| #endif
| #if HAVE_STRING_H
| # if !STDC_HEADERS && HAVE_MEMORY_H
| #  include <memory.h>
| # endif
| # include <string.h>
| #endif
| #if HAVE_STRINGS_H
| # include <strings.h>
| #endif
| #if HAVE_INTTYPES_H
| # include <inttypes.h>
| #else
| # if HAVE_STDINT_H
| #  include <stdint.h>
| # endif
| #endif
| #if HAVE_UNISTD_H
| # include <unistd.h>
| #endif
| 
| #include <stdint.h>
configure.sh:3028: result: no
configure.sh:2991: checking for unistd.h
configure.sh:3008: gcc -c -g -O2  conftest.c >&5
configure.sh:3011: $? = 0
configure.sh:3014: test -s conftest.o
configure.sh:3017: $? = 0
configure.sh:3028: result: yes
configure.sh:3049: checking for memory.h
configure.sh:3054: result: yes
configure.sh:3058: checking stddef.h usability
configure.sh:3071: gcc -c -g -O2  conftest.c >&5
configure.sh:3074: $? = 0
configure.sh:3077: test -s conftest.o
configure.sh:3080: $? = 0
configure.sh:3090: result: yes
configure.sh:3094: checking stddef.h presence
configure.sh:3105: gcc -E  conftest.c
configure.sh:3111: $? = 0
configure.sh:3130: result: yes
configure.sh:3166: checking for stddef.h
configure.sh:3173: result: yes
configure.sh:3049: checking for stdlib.h
configure.sh:3054: result: yes
configure.sh:3049: checking for string.h
configure.sh:3054: result: yes
configure.sh:3049: checking for unistd.h
configure.sh:3054: result: yes
configure.sh:3188: checking for stdbool.h that conforms to C99
configure.sh:3242: gcc -c -g -O2  conftest.c >&5
configure:3218: #error bool is not defined
configure:3230: #error true is not 1
configure.sh:3245: $? = 1
configure.sh: failed program was:
| #line 3193 "configure"
| /* confdefs.h.  */
| 
| #define PACKAGE_NAME "intercal"
| #define PACKAGE_TARNAME "intercal"
| #define PACKAGE_VERSION "0.26"
| #define PACKAGE_STRING "intercal 0.26"
| #define PACKAGE_BUGREPORT "esr@thyrsus.com"
| #define STDC_HEADERS 1
| #define HAVE_SYS_TYPES_H 1
| #define HAVE_SYS_STAT_H 1
| #define HAVE_STDLIB_H 1
| #define HAVE_STRING_H 1
| #define HAVE_MEMORY_H 1
| #define HAVE_STRINGS_H 1
| #define HAVE_INTTYPES_H 1
| #define HAVE_UNISTD_H 1
| #define HAVE_MEMORY_H 1
| #define HAVE_STDDEF_H 1
| #define HAVE_STDLIB_H 1
| #define HAVE_STRING_H 1
| #define HAVE_UNISTD_H 1
| /* end confdefs.h.  */
| 
| #include <stdbool.h>
| #ifndef bool
| # error bool is not defined
| #endif
| #ifndef false
| # error false is not defined
| #endif
| #if false
| # error false is not 0
| #endif
| #ifndef true
| # error true is not defined
| #endif
| #if true != 1
| # error true is not 1
| #endif
| #ifndef __bool_true_false_are_defined
| # error __bool_true_false_are_defined is not defined
| #endif
| 
|         struct s { _Bool s: 1; _Bool t; } s;
| 
|         char a[true == 1 ? 1 : -1];
|         char b[false == 0 ? 1 : -1];
|         char c[__bool_true_false_are_defined == 1 ? 1 : -1];
|         char d[(bool) -0.5 == true ? 1 : -1];
|         bool e = &s;
|         char f[(_Bool) -0.0 == false ? 1 : -1];
|         char g[true];
|         char h[sizeof (_Bool)];
|         char i[sizeof s.t];
| 
| int
| main ()
| {
|  return !a + !b + !c + !d + !e + !f + !g + !h + !i;
|   ;
|   return 0;
| }
configure.sh:3262: result: no
configure.sh:3264: checking for _Bool
configure.sh:3289: gcc -c -g -O2  conftest.c >&5
configure: In function `main':
configure:3328: `_Bool' undeclared (first use in this function)
configure:3328: (Each undeclared identifier is reported only once
configure:3328: for each function it appears in.)
configure:3328: parse error before `)'
configure.sh:3292: $? = 1
configure.sh: failed program was:
| #line 3269 "configure"
| /* confdefs.h.  */
| 
| #define PACKAGE_NAME "intercal"
| #define PACKAGE_TARNAME "intercal"
| #define PACKAGE_VERSION "0.26"
| #define PACKAGE_STRING "intercal 0.26"
| #define PACKAGE_BUGREPORT "esr@thyrsus.com"
| #define STDC_HEADERS 1
| #define HAVE_SYS_TYPES_H 1
| #define HAVE_SYS_STAT_H 1
| #define HAVE_STDLIB_H 1
| #define HAVE_STRING_H 1
| #define HAVE_MEMORY_H 1
| #define HAVE_STRINGS_H 1
| #define HAVE_INTTYPES_H 1
| #define HAVE_UNISTD_H 1
| #define HAVE_MEMORY_H 1
| #define HAVE_STDDEF_H 1
| #define HAVE_STDLIB_H 1
| #define HAVE_STRING_H 1
| #define HAVE_UNISTD_H 1
| /* end confdefs.h.  */
| #include <stdio.h>
| #if HAVE_SYS_TYPES_H
| # include <sys/types.h>
| #endif
| #if HAVE_SYS_STAT_H
| # include <sys/stat.h>
| #endif
| #if STDC_HEADERS
| # include <stdlib.h>
| # include <stddef.h>
| #else
| # if HAVE_STDLIB_H
| #  include <stdlib.h>
| # endif
| #endif
| #if HAVE_STRING_H
| # if !STDC_HEADERS && HAVE_MEMORY_H
| #  include <memory.h>
| # endif
| # include <string.h>
| #endif
| #if HAVE_STRINGS_H
| # include <strings.h>
| #endif
| #if HAVE_INTTYPES_H
| # include <inttypes.h>
| #else
| # if HAVE_STDINT_H
| #  include <stdint.h>
| # endif
| #endif
| #if HAVE_UNISTD_H
| # include <unistd.h>
| #endif
| int
| main ()
| {
| if ((_Bool *) 0)
|   return 0;
| if (sizeof (_Bool))
|   return 0;
|   ;
|   return 0;
| }
configure.sh:3309: result: no
configure.sh:3328: checking for an ANSI C-conforming const
configure.sh:3396: gcc -c -g -O2  conftest.c >&5
configure.sh:3399: $? = 0
configure.sh:3402: test -s conftest.o
configure.sh:3405: $? = 0
configure.sh:3416: result: yes
configure.sh:3426: checking for size_t
configure.sh:3451: gcc -c -g -O2  conftest.c >&5
configure.sh:3454: $? = 0
configure.sh:3457: test -s conftest.o
configure.sh:3460: $? = 0
configure.sh:3471: result: yes
configure.sh:3490: checking for stdlib.h
configure.sh:3495: result: yes
configure.sh:3627: checking for GNU libc compatible malloc
configure.sh:3657: gcc -o conftest -g -O2   conftest.c  >&5
configure.sh:3660: $? = 0
configure.sh:3662: ./conftest
configure.sh:3665: $? = 0
configure.sh:3679: result: yes
configure.sh:3707: checking for stdlib.h
configure.sh:3712: result: yes
configure.sh:3844: checking for GNU libc compatible realloc
configure.sh:3874: gcc -o conftest -g -O2   conftest.c  >&5
configure.sh:3877: $? = 0
configure.sh:3879: ./conftest
configure.sh:3882: $? = 0
configure.sh:3896: result: yes
configure.sh:3919: checking return type of signal handlers
configure.sh:3951: gcc -c -g -O2  conftest.c >&5
configure.sh:3954: $? = 0
configure.sh:3957: test -s conftest.o
configure.sh:3960: $? = 0
configure.sh:3971: result: void
configure.sh:3986: checking for memset
configure.sh:4036: gcc -o conftest -g -O2   conftest.c  >&5
configure:4034: warning: conflicting types for built-in function `memset'
configure.sh:4039: $? = 0
configure.sh:4042: test -s conftest
configure.sh:4045: $? = 0
configure.sh:4056: result: yes
configure.sh:3986: checking for strrchr
configure.sh:4036: gcc -o conftest -g -O2   conftest.c  >&5
configure.sh:4039: $? = 0
configure.sh:4042: test -s conftest
configure.sh:4045: $? = 0
configure.sh:4056: result: yes
configure.sh:3986: checking for strtol
configure.sh:4036: gcc -o conftest -g -O2   conftest.c  >&5
configure.sh:4039: $? = 0
configure.sh:4042: test -s conftest
configure.sh:4045: $? = 0
configure.sh:4056: result: yes
configure.sh:3986: checking for strtoul
configure.sh:4036: gcc -o conftest -g -O2   conftest.c  >&5
configure.sh:4039: $? = 0
configure.sh:4042: test -s conftest
configure.sh:4045: $? = 0
configure.sh:4056: result: yes
configure.sh:4067: Version is 0.26
configure.sh:4196: creating ./config.status

## ---------------------- ##
## Running config.status. ##
## ---------------------- ##

This file was extended by intercal config.status 0.26, which was
generated by GNU Autoconf 2.57.  Invocation command line was

  CONFIG_FILES    = 
  CONFIG_HEADERS  = 
  CONFIG_LINKS    = 
  CONFIG_COMMANDS = 
  $ ./config.status 

on chillingi

config.status:614: creating Makefile
config.status:614: creating ickspec

## ---------------- ##
## Cache variables. ##
## ---------------- ##

ac_cv_c_compiler_gnu=yes
ac_cv_c_const=yes
ac_cv_env_CC_set=
ac_cv_env_CC_value=
ac_cv_env_CFLAGS_set=
ac_cv_env_CFLAGS_value=
ac_cv_env_CPPFLAGS_set=
ac_cv_env_CPPFLAGS_value=
ac_cv_env_CPP_set=
ac_cv_env_CPP_value=
ac_cv_env_LDFLAGS_set=
ac_cv_env_LDFLAGS_value=
ac_cv_env_build_alias_set=
ac_cv_env_build_alias_value=
ac_cv_env_host_alias_set=
ac_cv_env_host_alias_value=
ac_cv_env_target_alias_set=
ac_cv_env_target_alias_value=
ac_cv_exeext=
ac_cv_func_malloc_0_nonnull=yes
ac_cv_func_memset=yes
ac_cv_func_realloc_0_nonnull=yes
ac_cv_func_strrchr=yes
ac_cv_func_strtol=yes
ac_cv_func_strtoul=yes
ac_cv_header_inttypes_h=yes
ac_cv_header_memory_h=yes
ac_cv_header_stdbool_h=no
ac_cv_header_stdc=yes
ac_cv_header_stddef_h=yes
ac_cv_header_stdint_h=no
ac_cv_header_stdlib_h=yes
ac_cv_header_string_h=yes
ac_cv_header_strings_h=yes
ac_cv_header_sys_stat_h=yes
ac_cv_header_sys_types_h=yes
ac_cv_header_unistd_h=yes
ac_cv_lib_fl_yywrap=no
ac_cv_lib_l_yywrap=yes
ac_cv_objext=o
ac_cv_prog_CPP=$'gcc -E'
ac_cv_prog_LEX=lex
ac_cv_prog_ac_ct_CC=gcc
ac_cv_prog_cc_g=yes
ac_cv_prog_cc_stdc=
ac_cv_prog_egrep=egrep
ac_cv_prog_lex_root=lex.yy
ac_cv_prog_lex_yytext_pointer=no
ac_cv_prog_make_make_set=yes
ac_cv_type__Bool=no
ac_cv_type_signal=void
ac_cv_type_size_t=yes

## ----------------- ##
## Output variables. ##
## ----------------- ##

CC='gcc'
CFLAGS='-g -O2'
CPP='gcc -E'
CPPFLAGS=''
DEFS='-DPACKAGE_NAME=\"intercal\" -DPACKAGE_TARNAME=\"intercal\" -DPACKAGE_VERSION=\"0.26\" -DPACKAGE_STRING=\"intercal\ 0.26\" -DPACKAGE_BUGREPORT=\"esr@thyrsus.com\" -DSTDC_HEADERS=1 -DHAVE_SYS_TYPES_H=1 -DHAVE_SYS_STAT_H=1 -DHAVE_STDLIB_H=1 -DHAVE_STRING_H=1 -DHAVE_MEMORY_H=1 -DHAVE_STRINGS_H=1 -DHAVE_INTTYPES_H=1 -DHAVE_UNISTD_H=1 -DHAVE_MEMORY_H=1 -DHAVE_STDDEF_H=1 -DHAVE_STDLIB_H=1 -DHAVE_STRING_H=1 -DHAVE_UNISTD_H=1 -DHAVE_STDLIB_H=1 -DHAVE_MALLOC=1 -DHAVE_STDLIB_H=1 -DHAVE_REALLOC=1 -DRETSIGTYPE=void -DHAVE_MEMSET=1 -DHAVE_STRRCHR=1 -DHAVE_STRTOL=1 -DHAVE_STRTOUL=1 '
ECHO_C=''
ECHO_N='-n'
ECHO_T=''
EGREP='egrep'
EXEEXT=''
INSTALL_DATA='${INSTALL} -m 644'
INSTALL_PROGRAM='${INSTALL}'
INSTALL_SCRIPT='${INSTALL}'
LDFLAGS=''
LEX='lex'
LEXLIB='-ll'
LEX_OUTPUT_ROOT='lex.yy'
LIBOBJS=''
LIBS=''
LN_S='ln -s'
LTLIBOBJS=''
OBJEXT='o'
PACKAGE_BUGREPORT='esr@thyrsus.com'
PACKAGE_NAME='intercal'
PACKAGE_STRING='intercal 0.26'
PACKAGE_TARNAME='intercal'
PACKAGE_VERSION='0.26'
PATH_SEPARATOR=':'
SET_MAKE=''
SHELL='/bin/bash'
YACC='yacc'
ac_ct_CC='gcc'
bindir='${exec_prefix}/bin'
build_alias=''
datadir='${prefix}/share'
exec_prefix='${prefix}'
host_alias=''
includedir='${prefix}/include'
infodir='${prefix}/info'
libdir='${exec_prefix}/lib'
libexecdir='${exec_prefix}/libexec'
localstatedir='${prefix}/var'
mandir='${prefix}/man'
oldincludedir='/usr/include'
prefix='/usr/local'
program_transform_name='s,x,x,'
sbindir='${exec_prefix}/sbin'
sharedstatedir='${prefix}/com'
sysconfdir='${prefix}/etc'
target_alias=''

## ----------- ##
## confdefs.h. ##
## ----------- ##

#define HAVE_INTTYPES_H 1
#define HAVE_MALLOC 1
#define HAVE_MEMORY_H 1
#define HAVE_MEMORY_H 1
#define HAVE_MEMSET 1
#define HAVE_REALLOC 1
#define HAVE_STDDEF_H 1
#define HAVE_STDLIB_H 1
#define HAVE_STDLIB_H 1
#define HAVE_STDLIB_H 1
#define HAVE_STDLIB_H 1
#define HAVE_STRINGS_H 1
#define HAVE_STRING_H 1
#define HAVE_STRING_H 1
#define HAVE_STRRCHR 1
#define HAVE_STRTOL 1
#define HAVE_STRTOUL 1
#define HAVE_SYS_STAT_H 1
#define HAVE_SYS_TYPES_H 1
#define HAVE_UNISTD_H 1
#define HAVE_UNISTD_H 1
#define PACKAGE_BUGREPORT "esr@thyrsus.com"
#define PACKAGE_NAME "intercal"
#define PACKAGE_STRING "intercal 0.26"
#define PACKAGE_TARNAME "intercal"
#define PACKAGE_VERSION "0.26"
#define RETSIGTYPE void
#define STDC_HEADERS 1

configure.sh: exit 0
