This is pdfTeXk, Version 3.141592-1.40.3 (Web2C 7.5.6) (format=pdfetex 2007.12.14)  20 DEC 2007 21:59
entering extended mode
 file:line:error style messages enabled.
 %&-line parsing enabled.
**\nonstopmode \input /tmp/t2d16537/src/ick.txi
(/tmp/t2d16537/src/ick.txi (/usr/share/texmf/tex/texinfo/texinfo.tex
Loading texinfo [version 2006-02-13.16]: Basics,
\bindingoffset=\dimen16
\normaloffset=\dimen17
\pagewidth=\dimen18
\pageheight=\dimen19
\outerhsize=\dimen20
\outervsize=\dimen21
\cornerlong=\dimen22
\cornerthick=\dimen23
\topandbottommargin=\dimen24
\headlinebox=\box16
\footlinebox=\box17
\margin=\insert252
\EMsimple=\toks13
\groupbox=\box18
\groupinvalidhelp=\toks14
\mil=\dimen25
\exdentamount=\skip18
\inmarginspacing=\skip19
 pdf,
\tempnum=\count27
\lnkcount=\count28
\filename=\toks15
\filenamelength=\count29
\pgn=\count30
\toksA=\toks16
\toksB=\toks17
\toksC=\toks18
\toksD=\toks19
\boxA=\box19
\countA=\count31

(/usr/share/texmf-texlive/tex/plain/misc/pdfcolor.tex) fonts,
\sffam=\fam8
\textleading=\dimen26
\fontdepth=\count32
 page headings,
\titlepagetopglue=\skip20
\titlepagebottomglue=\skip21
\evenheadline=\toks20
\oddheadline=\toks21
\evenfootline=\toks22
\oddfootline=\toks23

tables,
\tableindent=\dimen27
\itemindent=\dimen28
\itemmargin=\dimen29
\itemmax=\dimen30
\itemno=\count33
\multitableparskip=\skip22
\multitableparindent=\skip23
\multitablecolspace=\dimen31
\multitablelinespace=\skip24
\colcount=\count34
\everytab=\toks24
 conditionals,
\doignorecount=\count35
 indexing,
\secondaryindent=\skip25
\partialpage=\box20
\doublecolumnhsize=\dimen32
 sectioning,
\unnumberedno=\count36
\chapno=\count37
\secno=\count38
\subsecno=\count39
\subsubsecno=\count40
\appendixno=\count41
\absseclevel=\count42
\secbase=\count43
\chapheadingskip=\skip26
\secheadingskip=\skip27
\subsecheadingskip=\skip28
 toc,
\tocfile=\write0
\contentsrightmargin=\skip29
\savepageno=\count44
\lastnegativepageno=\count45
\tocindent=\dimen33
 environments,
\errorbox=\box21
\lispnarrowing=\skip30
\envskipamount=\skip31
\circthick=\dimen34
\cartouter=\dimen35
\cartinner=\dimen36
\normbskip=\skip32
\normpskip=\skip33
\normlskip=\skip34
\lskip=\skip35
\rskip=\skip36
\tabw=\dimen37
 defuns,
\defbodyindent=\skip37
\defargsindent=\skip38
\deflastargmargin=\skip39
\parencount=\count46
\brackcount=\count47
 macros,
\paramno=\count48
\macname=\toks25

cross references,
\auxfile=\write1
\savesfregister=\count49
 insertions,
\footnoteno=\count50
\SAVEfootins=\box22
\SAVEmargin=\box23
\noepsfhelp=\toks26
 localization,
\nolanghelp=\toks27
\defaultparindent=\dimen38

and turning on texinfo input format.)
\openout1 = `ick.aux'.

@cpindfile=@write2
@fnindfile=@write3
@vrindfile=@write4
@tpindfile=@write5
@kyindfile=@write6
@pgindfile=@write7
 (/usr/share/texmf/tex/texinfo/txi-en.tex)
@opindfile=@write8
@erindfile=@write9
[1
\openout2 = `ick.cp'.

\openout3 = `ick.fn'.

\openout4 = `ick.vr'.

\openout5 = `ick.tp'.

\openout6 = `ick.ky'.

\openout7 = `ick.pg'.

\openout8 = `ick.op'.

\openout9 = `ick.er'.

{/var/lib/texmf/fonts/map/pdftex/updmap/pdftex.map}] [2] [-1]
(@xeatspaces {PART I: THE @cic {} COMPILER})
\openout0 = `ick.toc'.

 Chapter 1 [1] [2]
Cross reference values unknown; you must run TeX again. [3] [4] [5] [6]
[7]
Underfull \hbox (badness 10000) in paragraph at lines 706--710
 []@textrm If cre-at-ing the dis-tri-bu-tion un-der DJGPP, run @texttt etc/ctrl
mfix.bat[] @textrm or

@hbox(7.60416+2.12917)x433.62, glue set 5.52025
.@glue(@leftskip) 21.68121
.@hbox(7.05666+0.0)x0.0, glue set - 15.74411fil
..@glue 0.0 plus 1.0fil minus 1.0fil
..@textrm 8
..@textrm .
..@kern 7.22743
.@textrm I
.@textrm f
.@glue 3.65 plus 1.825 minus 1.21666
.etc.


Underfull \hbox (badness 5345) in paragraph at lines 706--710
 @texttt etc/ctrlmfix.sh[]@textrm , even if you man-aged to con-fig-ure; this w
ill sort out

@hbox(7.60416+2.12917)x433.62, glue set 3.77089
.@glue(@leftskip) 21.68121
.@texttt e
.@texttt t
.@texttt c
.@texttt /
.etc.

Chapter 2 [8] [9] [10] [11] [12] [13] Chapter 3 [14] [15]
Underfull \hbox (badness 2189) in paragraph at lines 1430--1431
 []@textrm SAYING 'ABRA-CADABRA' WITH-OUT A MAGIC WAND 

@hbox(7.60416+0.0)x433.62, glue set 2.80086
.@glue(@leftskip) 86.72375
.@hbox(0.0+0.0)x0.0
.@textrm S
.@textrm A
.@kern-0.91252
.etc.

[16]
/tmp/t2d16537/src/ick.txi:1569: Undefined control sequence.
l.1569 @ienachor
                 E252
The control sequence at the end of the top line
of your error message was never \def'ed. If you have
misspelled it (e.g., `\hobx'), type `I' and the correct
spelling (e.g., `I\hbox'). Otherwise just continue,
and I'll forget about whatever was undefined.

[17] [18] [19] [20] [21] [22] [23] Chapter 4 [24] [25]
(@xeatspaces {PART II: THE @ical {} LANGUAGE}) [26] [27] Chapter 5 [28]
[29] [30] [31] Chapter 6 [32] [33] [34] [35] [36] [37] [38] Chapter 7 [39]
[40] [41] [42] [43] [44] [45] [46]
(@xeatspaces {PART III: @ical {} DIALECTS AND EXTENSIONS}) [47] Chapter 8
[48] Chapter 9 [49] Chapter 10 [50] Chapter 11 [51] Chapter 12 [52]
(@xeatspaces {PART IV: APPENDICES AND INDICES}) [53] Appendix A [54] [55]
Appendix B [56] [57] [58] [59] [60] [61] [62] [63] [64] [65] Appendix C
[66] [67] [68] [69] [70] [71] [72] [73] (Index) [74] [75] ) 
Here is how much of TeX's memory you used:
 2029 strings out of 97159
 21166 string characters out of 1208395
 49281 words of memory out of 1500000
 2941 multiletter control sequences out of 10000+50000
 32127 words of font info for 112 fonts, out of 1200000 for 2000
 51 hyphenation exceptions out of 8191
 19i,7n,17p,269b,482s stack positions out of 5000i,500n,6000p,200000b,5000s
pdfTeX warning (dest
): name{MAYBE} has been referenced but does not exist, replaced by a fixed one

</usr/share/texmf-texlive/fonts/type1/bluesky/cm/cmb10.pfb></usr/share/texmf-te
xlive/fonts/type1/bluesky/cm/cmbx12.pfb></usr/share/texmf-texlive/fonts/type1/b
luesky/cm/cmcsc10.pfb></usr/share/texmf-texlive/fonts/type1/bluesky/cm/cmr10.pf
b></usr/share/texmf-texlive/fonts/type1/bluesky/cm/cmr8.pfb></usr/share/texmf-t
exlive/fonts/type1/bluesky/cm/cmr9.pfb></usr/share/texmf-texlive/fonts/type1/bl
uesky/cm/cmsl10.pfb></usr/share/texmf-texlive/fonts/type1/bluesky/cm/cmsltt10.p
fb></usr/share/texmf-texlive/fonts/type1/bluesky/cm/cmsy10.pfb></usr/share/texm
f-texlive/fonts/type1/bluesky/cm/cmsy9.pfb></usr/share/texmf-texlive/fonts/type
1/bluesky/cm/cmti10.pfb></usr/share/texmf-texlive/fonts/type1/bluesky/cm/cmtt10
.pfb></usr/share/texmf-texlive/fonts/type1/bluesky/cm/cmtt9.pfb>
Output written on ick.pdf (78 pages, 353479 bytes).
PDF statistics:
 711 PDF objects out of 1000 (max. 8388607)
 252 named destinations out of 1000 (max. 131072)
 1 words of extra memory for PDF output out of 10000 (max. 10000000)

